0 info it worked if it ends with ok
1 verbose cli [ '/usr/local/bin/node', '/usr/local/bin/npm', 'publish' ]
2 info using npm@3.10.10
3 info using node@v6.10.3
4 verbose publish [ '.' ]
5 silly cache add args [ '.', null ]
6 verbose cache add spec .
7 silly cache add parsed spec Result {
7 silly cache add   raw: '.',
7 silly cache add   scope: null,
7 silly cache add   escapedName: null,
7 silly cache add   name: null,
7 silly cache add   rawSpec: '.',
7 silly cache add   spec: '/home/github/node-ico-watchlist-api',
7 silly cache add   type: 'directory' }
8 verbose addLocalDirectory /home/github/.npm/node-ico-watchlist-api/1.0.1/package.tgz not in flight; packing
9 verbose correctMkdir /home/github/.npm correctMkdir not in flight; initializing
10 info lifecycle node-ico-watchlist-api@1.0.1~prepublish: node-ico-watchlist-api@1.0.1
11 silly lifecycle node-ico-watchlist-api@1.0.1~prepublish: no script for prepublish, continuing
12 verbose tar pack [ '/home/github/.npm/node-ico-watchlist-api/1.0.1/package.tgz',
12 verbose tar pack   '/home/github/node-ico-watchlist-api' ]
13 verbose tarball /home/github/.npm/node-ico-watchlist-api/1.0.1/package.tgz
14 verbose folder /home/github/node-ico-watchlist-api
15 verbose addLocalTarball adding from inside cache /home/github/.npm/node-ico-watchlist-api/1.0.1/package.tgz
16 verbose correctMkdir /home/github/.npm correctMkdir not in flight; initializing
17 silly cache afterAdd node-ico-watchlist-api@1.0.1
18 verbose afterAdd /home/github/.npm/node-ico-watchlist-api/1.0.1/package/package.json not in flight; writing
19 verbose correctMkdir /home/github/.npm correctMkdir not in flight; initializing
20 verbose afterAdd /home/github/.npm/node-ico-watchlist-api/1.0.1/package/package.json written
21 silly publish { name: 'node-ico-watchlist-api',
21 silly publish   version: '1.0.1',
21 silly publish   description: 'Nodejs wrapper for icowatchlist.com',
21 silly publish   main: 'index.js',
21 silly publish   scripts: { test: 'echo "Error: no test specified" && exit 1' },
21 silly publish   repository:
21 silly publish    { type: 'git',
21 silly publish      url: 'git+https://github.com/SloRunner/node-ico-watchlist-api.git' },
21 silly publish   keywords: [ 'nodejs', 'ico', 'crypto', 'ethereum' ],
21 silly publish   author: { name: 'SloRunner' },
21 silly publish   license: 'MIT',
21 silly publish   bugs: { url: 'https://github.com/SloRunner/node-ico-watchlist-api/issues' },
21 silly publish   homepage: 'https://github.com/SloRunner/node-ico-watchlist-api#readme',
21 silly publish   dependencies: { request: '^2.85.0' },
21 silly publish   directories: { example: 'example' },
21 silly publish   devDependencies: {},
21 silly publish   readme: '# node-ico-watchlist-api\nNodejs wrapper for icowatchlist.com\n\n\n[![NPM](https://nodei.co/npm/node-ico-watchlist-api.png?downloads=true&downloadRank=true&stars=true)](https://nodei.co/npm/node-ico-watchlist-api/)\n\n## API Implementation\n\n```javascript\nvar icoapi = require(\'node-ico-watchlist-api\');\nicoapi.getAll(function(resp,data){\n  if(resp){\n    console.log(JSON.stringify(data))\n  } else {\n    console.log(\'Error\');\n  }\n})\n\n```\nAll callbacks have the same structure\n```javascript\n/*\n* @return {Boolean} response: result of the call.\n* @return {String} json: data returned from icowatchlist.com API in JSON format, if the response is false json is an empty string\n*/\ncallback(response,json);\n```\n\nCallbacks:\n\n```javascript\nicoapi.getAll()\nicoapi.getLive()\nicoapi.getUpcoming()\nicoapi.getFinished()\n```',
21 silly publish   readmeFilename: 'README.md',
21 silly publish   gitHead: '30c6f07fcdedc7a6ff1dbdaf09227b8817c21d61',
21 silly publish   _id: 'node-ico-watchlist-api@1.0.1',
21 silly publish   _shasum: '43b2154e92968d3e85fcd664281821490249002a',
21 silly publish   _from: '.' }
22 verbose getPublishConfig undefined
23 silly mapToRegistry name node-ico-watchlist-api
24 silly mapToRegistry using default registry
25 silly mapToRegistry registry http://registry.npmjs.org/
26 silly mapToRegistry data Result {
26 silly mapToRegistry   raw: 'node-ico-watchlist-api',
26 silly mapToRegistry   scope: null,
26 silly mapToRegistry   escapedName: 'node-ico-watchlist-api',
26 silly mapToRegistry   name: 'node-ico-watchlist-api',
26 silly mapToRegistry   rawSpec: '',
26 silly mapToRegistry   spec: 'latest',
26 silly mapToRegistry   type: 'tag' }
27 silly mapToRegistry uri http://registry.npmjs.org/node-ico-watchlist-api
28 verbose publish registryBase http://registry.npmjs.org/
29 silly publish uploading /home/github/.npm/node-ico-watchlist-api/1.0.1/package.tgz
30 verbose request uri http://registry.npmjs.org/node-ico-watchlist-api
31 verbose request sending authorization for write operation
32 info attempt registry request try #1 at 5:28:38 PM
33 verbose request using bearer token for auth
34 verbose request id 9a6eb5605b2278bf
35 http request PUT http://registry.npmjs.org/node-ico-watchlist-api
36 http 400 http://registry.npmjs.org/node-ico-watchlist-api
37 verbose headers { 'content-type': 'application/json',
37 verbose headers   'cache-control': 'max-age=300',
37 verbose headers   'content-length': '87',
37 verbose headers   'accept-ranges': 'bytes',
37 verbose headers   date: 'Sun, 06 May 2018 15:28:39 GMT',
37 verbose headers   via: '1.1 varnish',
37 verbose headers   connection: 'keep-alive',
37 verbose headers   'x-served-by': 'cache-hhn1541-HHN',
37 verbose headers   'x-cache': 'MISS',
37 verbose headers   'x-cache-hits': '0',
37 verbose headers   'x-timer': 'S1525620519.991447,VS0,VE950',
37 verbose headers   vary: 'Accept-Encoding, Accept' }
38 verbose request invalidating /home/github/.npm/registry.npmjs.org/node-ico-watchlist-api on PUT
39 error publish Failed PUT 400
40 verbose stack Error: Cannot publish over previously published version "1.0.1". : node-ico-watchlist-api
40 verbose stack     at makeError (/usr/local/lib/node_modules/npm/node_modules/npm-registry-client/lib/request.js:302:12)
40 verbose stack     at CachingRegistryClient.<anonymous> (/usr/local/lib/node_modules/npm/node_modules/npm-registry-client/lib/request.js:290:14)
40 verbose stack     at Request._callback (/usr/local/lib/node_modules/npm/node_modules/npm-registry-client/lib/request.js:210:14)
40 verbose stack     at Request.self.callback (/usr/local/lib/node_modules/npm/node_modules/request/request.js:187:22)
40 verbose stack     at emitTwo (events.js:106:13)
40 verbose stack     at Request.emit (events.js:191:7)
40 verbose stack     at Request.<anonymous> (/usr/local/lib/node_modules/npm/node_modules/request/request.js:1048:10)
40 verbose stack     at emitOne (events.js:96:13)
40 verbose stack     at Request.emit (events.js:188:7)
40 verbose stack     at IncomingMessage.<anonymous> (/usr/local/lib/node_modules/npm/node_modules/request/request.js:969:12)
41 verbose statusCode 400
42 verbose pkgid node-ico-watchlist-api
43 verbose cwd /home/github/node-ico-watchlist-api
44 error Linux 4.9.0-6-amd64
45 error argv "/usr/local/bin/node" "/usr/local/bin/npm" "publish"
46 error node v6.10.3
47 error npm  v3.10.10
48 error code E400
49 error Cannot publish over previously published version "1.0.1". : node-ico-watchlist-api
50 error If you need help, you may report this error at:
50 error     <https://github.com/npm/npm/issues>
51 verbose exit [ 1, true ]
